[35m[Appium][39m Welcome to Appium v1.20.2
[35m[Appium][39m Non-default server args:
[35m[Appium][39m   port: 61028
[35m[Appium][39m   loglevel: info
[35m[Appium][39m   tmpDir: C:\Users\peter\AppData\Local\Temp\\Katalon\Appium\Temp1612180093911
[35m[Appium][39m   chromedriverPort: 61030
[35m[Appium][39m Deprecated server args:
[35m[Appium][39m   [31m--chromedriver-port[39m => --default-capabilities
[35m[Appium][39m Default capabilities, which will be added to each request unless overridden by desired capabilities:
[35m[Appium][39m   chromedriverPort: 61030
[35m[Appium][39m Appium REST http interface listener started on 0.0.0.0:61028
[35m[HTTP][39m [37m-->[39m [37mGET[39m [37m/wd/hub/status[39m
[35m[HTTP][39m [90m{}[39m
[35m[HTTP][39m [37m<-- GET /wd/hub/status [39m[32m200[39m [90m5 ms - 68[39m
[35m[HTTP][39m [90m[39m
[35m[HTTP][39m [37m-->[39m [37mGET[39m [37m/wd/hub/status[39m
[35m[HTTP][39m [90m{}[39m
[35m[HTTP][39m [37m<-- GET /wd/hub/status [39m[32m200[39m [90m1 ms - 68[39m
[35m[HTTP][39m [90m[39m
[35m[HTTP][39m [37m-->[39m [37mPOST[39m [37m/wd/hub/session[39m
[35m[HTTP][39m [90m{"desiredCapabilities":{"app":"C:\\Users\\peter\\Desktop\\Mine\\Coding\\Tester\\APKs\\radio.apk","noReset":true,"deviceName":"Google Pixel 3 XL (Android 11)","fullReset":false,"platform":"ANDROID","newCommandTimeout":1800,"platformVersion":"11","automationName":"uiautomator2","autoGrantPermissions":true,"platformName":"Android","udid":"8ADY0J59G","systemPort":61036},"capabilities":{"firstMatch":[{"appium:app":"C:\\Users\\peter\\Desktop\\Mine\\Coding\\Tester\\APKs\\radio.apk","appium:autoGrantPermissions":true,"appium:automationName":"uiautomator2","appium:deviceName":"Google Pixel 3 XL (Android 11)","appium:fullReset":false,"appium:newCommandTimeout":1800,"appium:noReset":true,"platform":"ANDROID","platformName":"android","appium:platformVersion":"11","appium:systemPort":61036,"appium:udid":"8ADY0J59G"}]}}[39m
[35m[BaseDriver][39m The following capabilities are not standard capabilities and should have an extension prefix:
[35m[BaseDriver][39m   platform
[35m[BaseDriver][39m   chromedriverPort
[35m[Appium][39m Appium v1.20.2 creating new AndroidUiautomator2Driver (v1.61.2) session
[35m[BaseDriver][39m The following capabilities were provided, but are not recognized by Appium:
[35m[BaseDriver][39m   platform
[35m[BaseDriver][39m Session created with session id: 0e8ff299-32f9-4ca5-aa62-2a87e222dff1
[35m[BaseDriver][39m Using local app 'C:\Users\peter\Desktop\Mine\Coding\Tester\APKs\radio.apk'
[35m[ADB][39m Found 1 'build-tools' folders under 'C:\Users\peter\.katalon\tools\android_sdk' (newest first):
[35m[ADB][39m     C:/Users/peter/.katalon/tools/android_sdk/build-tools/29.0.3
[35m[ADB][39m Using 'adb.exe' from 'C:\Users\peter\.katalon\tools\android_sdk\platform-tools\adb.exe'
[35m[AndroidDriver][39m Retrieving device list
[35m[AndroidDriver][39m Using device: 8ADY0J59G
[35m[ADB][39m Using 'adb.exe' from 'C:\Users\peter\.katalon\tools\android_sdk\platform-tools\adb.exe'
[35m[ADB][39m Getting device platform version
[35m[UiAutomator2][39m Relaxing hidden api policy
[35m[ADB][39m Package name: 'cm.aptoide.pt'
[35m[ADB][39m Main activity name: 'cm.aptoide.pt.view.MainActivity'
[35m[ADB][39m Using 'apksigner.jar' from 'C:\Users\peter\.katalon\tools\android_sdk\build-tools\29.0.3\lib\apksigner.jar'
[35m[ADB][39m 'C:\Users\peter\AppData\Roaming\npm\node_modules\appium\node_modules\appium-uiautomator2-server\apks\appium-uiautomator2-server-v4.17.4.apk' is signed with the default certificate
[35m[ADB][39m 'C:\Users\peter\AppData\Roaming\npm\node_modules\appium\node_modules\appium-uiautomator2-server\apks\appium-uiautomator2-server-debug-androidTest.apk' is signed with the default certificate
[35m[UiAutomator2][39m Server packages are not going to be (re)installed
[35m[ADB][39m Adding packages ["io.appium.settings","io.appium.uiautomator2.server","io.appium.uiautomator2.server.test"] to Doze whitelist
[35m[ADB][39m 'C:\Users\peter\Desktop\Mine\Coding\Tester\APKs\radio.apk' is signed with a non-default certificate
[35m[UiAutomator2][39m Starting UIAutomator2 server 4.17.4
[35m[UiAutomator2][39m Using UIAutomator2 server from 'C:\Users\peter\AppData\Roaming\npm\node_modules\appium\node_modules\appium-uiautomator2-server\apks\appium-uiautomator2-server-v4.17.4.apk' and test from 'C:\Users\peter\AppData\Roaming\npm\node_modules\appium\node_modules\appium-uiautomator2-server\apks\appium-uiautomator2-server-debug-androidTest.apk'
[35m[UiAutomator2][39m Waiting up to 30000ms for UiAutomator2 to be online...
[35m[WD Proxy][39m socket hang up
[35m[WD Proxy][39m socket hang up
[35m[WD Proxy][39m socket hang up
[35m[WD Proxy][39m Determined the downstream protocol as 'W3C'
[35m[AndroidDriver][39m Screen already unlocked, doing nothing
[35m[UiAutomator2][39m Starting 'cm.aptoide.pt/cm.aptoide.pt.view.MainActivity and waiting for 'cm.aptoide.pt/cm.aptoide.pt.view.MainActivity'
[35m[Appium][39m New AndroidUiautomator2Driver session created successfully, session 0e8ff299-32f9-4ca5-aa62-2a87e222dff1 added to master session list
[35m[HTTP][39m [37m<-- POST /wd/hub/session [39m[32m200[39m [90m10732 ms - 1277[39m
[35m[HTTP][39m [90m[39m
[35m[HTTP][39m [37m-->[39m [37mGET[39m [37m/wd/hub/session/0e8ff299-32f9-4ca5-aa62-2a87e222dff1[39m
[35m[HTTP][39m [90m{}[39m
[35m[HTTP][39m [37m<-- GET /wd/hub/session/0e8ff299-32f9-4ca5-aa62-2a87e222dff1 [39m[32m200[39m [90m12 ms - 1231[39m
[35m[HTTP][39m [90m[39m
[35m[HTTP][39m [37m-->[39m [37mGET[39m [37m/wd/hub/session/0e8ff299-32f9-4ca5-aa62-2a87e222dff1[39m
[35m[HTTP][39m [90m{}[39m
[35m[HTTP][39m [37m<-- GET /wd/hub/session/0e8ff299-32f9-4ca5-aa62-2a87e222dff1 [39m[32m200[39m [90m9 ms - 1231[39m
[35m[HTTP][39m [90m[39m
[35m[HTTP][39m [37m-->[39m [37mGET[39m [37m/wd/hub/status[39m
[35m[HTTP][39m [90m{}[39m
[35m[HTTP][39m [37m<-- GET /wd/hub/status [39m[32m200[39m [90m1 ms - 68[39m
[35m[HTTP][39m [90m[39m
[35m[HTTP][39m [37m-->[39m [37mPOST[39m [37m/wd/hub/session/0e8ff299-32f9-4ca5-aa62-2a87e222dff1/timeouts[39m
[35m[HTTP][39m [90m{"implicit":60000}[39m
[35m[HTTP][39m [37m<-- POST /wd/hub/session/0e8ff299-32f9-4ca5-aa62-2a87e222dff1/timeouts [39m[32m200[39m [90m3 ms - 14[39m
[35m[HTTP][39m [90m[39m
[35m[HTTP][39m [37m-->[39m [37mGET[39m [37m/wd/hub/session/0e8ff299-32f9-4ca5-aa62-2a87e222dff1/source[39m
[35m[HTTP][39m [90m{}[39m
[35m[W3C (0e8ff299)][39m Driver proxy active, passing request on via HTTP proxy
[35m[WD Proxy][39m Replacing sessionId 2ce2f251-db8b-43e9-b3f4-74b872e5bde1 with 0e8ff299-32f9-4ca5-aa62-2a87e222dff1
[35m[HTTP][39m [37m<-- GET /wd/hub/session/0e8ff299-32f9-4ca5-aa62-2a87e222dff1/source [39m[32m200[39m [90m1978 ms - 53785[39m
[35m[HTTP][39m [90m[39m
[35m[HTTP][39m [37m-->[39m [37mGET[39m [37m/wd/hub/session/0e8ff299-32f9-4ca5-aa62-2a87e222dff1/screenshot[39m
[35m[HTTP][39m [90m{}[39m
[35m[HTTP][39m [37m<-- GET /wd/hub/session/0e8ff299-32f9-4ca5-aa62-2a87e222dff1/screenshot [39m[32m200[39m [90m1127 ms - 833328[39m
[35m[HTTP][39m [90m[39m
[35m[HTTP][39m [37m-->[39m [37mPOST[39m [37m/wd/hub/session/0e8ff299-32f9-4ca5-aa62-2a87e222dff1/elements[39m
[35m[HTTP][39m [90m{"using":"xpath","value":"//*[@class = 'android.widget.CheckBox' and (@text = 'GAMES' or . = 'GAMES') and @resource-id = 'cm.aptoide.pt:id/games_chip']"}[39m
[35m[HTTP][39m [37m<-- POST /wd/hub/session/0e8ff299-32f9-4ca5-aa62-2a87e222dff1/elements [39m[32m200[39m [90m484 ms - 139[39m
[35m[HTTP][39m [90m[39m
[35m[HTTP][39m [37m-->[39m [37mGET[39m [37m/wd/hub/session/0e8ff299-32f9-4ca5-aa62-2a87e222dff1/window/rect[39m
[35m[HTTP][39m [90m{}[39m
[35m[HTTP][39m [37m<-- GET /wd/hub/session/0e8ff299-32f9-4ca5-aa62-2a87e222dff1/window/rect [39m[32m200[39m [90m19 ms - 50[39m
[35m[HTTP][39m [90m[39m
[35m[HTTP][39m [37m-->[39m [37mPOST[39m [37m/wd/hub/session/0e8ff299-32f9-4ca5-aa62-2a87e222dff1/elements[39m
[35m[HTTP][39m [90m{"using":"xpath","value":"//*[@class = 'android.widget.CheckBox' and (@text = 'GAMES' or . = 'GAMES') and @resource-id = 'cm.aptoide.pt:id/games_chip']"}[39m
[35m[HTTP][39m [37m<-- POST /wd/hub/session/0e8ff299-32f9-4ca5-aa62-2a87e222dff1/elements [39m[32m200[39m [90m708 ms - 139[39m
[35m[HTTP][39m [90m[39m
[35m[HTTP][39m [37m-->[39m [37mGET[39m [37m/wd/hub/session/0e8ff299-32f9-4ca5-aa62-2a87e222dff1/element/2f528b2e-0c8d-4ac3-9cc4-6388933f9781/location[39m
[35m[HTTP][39m [90m{}[39m
[35m[W3C (0e8ff299)][39m Driver proxy active, passing request on via HTTP proxy
[35m[WD Proxy][39m Replacing sessionId 2ce2f251-db8b-43e9-b3f4-74b872e5bde1 with 0e8ff299-32f9-4ca5-aa62-2a87e222dff1
[35m[HTTP][39m [37m<-- GET /wd/hub/session/0e8ff299-32f9-4ca5-aa62-2a87e222dff1/element/2f528b2e-0c8d-4ac3-9cc4-6388933f9781/location [39m[32m200[39m [90m22 ms - 77[39m
[35m[HTTP][39m [90m[39m
[35m[HTTP][39m [37m-->[39m [37mPOST[39m [37m/wd/hub/session/0e8ff299-32f9-4ca5-aa62-2a87e222dff1/touch/perform[39m
[35m[HTTP][39m [90m{"actions":[{"action":"tap","options":{"x":1,"y":1,"element":"2f528b2e-0c8d-4ac3-9cc4-6388933f9781"}}]}[39m
[35m[UiAutomator2][39m calling get location: 2f528b2e-0c8d-4ac3-9cc4-6388933f9781
[35m[HTTP][39m [37m<-- POST /wd/hub/session/0e8ff299-32f9-4ca5-aa62-2a87e222dff1/touch/perform [39m[32m200[39m [90m211 ms - 14[39m
[35m[HTTP][39m [90m[39m
[35m[HTTP][39m [37m-->[39m [37mGET[39m [37m/wd/hub/session/0e8ff299-32f9-4ca5-aa62-2a87e222dff1/source[39m
[35m[HTTP][39m [90m{}[39m
[35m[W3C (0e8ff299)][39m Driver proxy active, passing request on via HTTP proxy
[35m[WD Proxy][39m Replacing sessionId 2ce2f251-db8b-43e9-b3f4-74b872e5bde1 with 0e8ff299-32f9-4ca5-aa62-2a87e222dff1
[35m[HTTP][39m [37m<-- GET /wd/hub/session/0e8ff299-32f9-4ca5-aa62-2a87e222dff1/source [39m[32m200[39m [90m568 ms - 21922[39m
[35m[HTTP][39m [90m[39m
[35m[HTTP][39m [37m-->[39m [37mGET[39m [37m/wd/hub/session/0e8ff299-32f9-4ca5-aa62-2a87e222dff1/screenshot[39m
[35m[HTTP][39m [90m{}[39m
[35m[HTTP][39m [37m<-- GET /wd/hub/session/0e8ff299-32f9-4ca5-aa62-2a87e222dff1/screenshot [39m[32m200[39m [90m1060 ms - 1138578[39m
[35m[HTTP][39m [90m[39m
[35m[HTTP][39m [37m-->[39m [37mGET[39m [37m/wd/hub/session/0e8ff299-32f9-4ca5-aa62-2a87e222dff1/context[39m
[35m[HTTP][39m [90m{}[39m
[35m[HTTP][39m [37m<-- GET /wd/hub/session/0e8ff299-32f9-4ca5-aa62-2a87e222dff1/context [39m[32m200[39m [90m2 ms - 22[39m
[35m[HTTP][39m [90m[39m
[35m[HTTP][39m [37m-->[39m [37mGET[39m [37m/wd/hub/session/0e8ff299-32f9-4ca5-aa62-2a87e222dff1/contexts[39m
[35m[HTTP][39m [90m{}[39m
[35m[HTTP][39m [37m<-- GET /wd/hub/session/0e8ff299-32f9-4ca5-aa62-2a87e222dff1/contexts [39m[32m200[39m [90m99 ms - 24[39m
[35m[HTTP][39m [90m[39m
[35m[HTTP][39m [37m-->[39m [37mPOST[39m [37m/wd/hub/session/0e8ff299-32f9-4ca5-aa62-2a87e222dff1/context[39m
[35m[HTTP][39m [90m{"name":"NATIVE_APP"}[39m
[35m[HTTP][39m [37m<-- POST /wd/hub/session/0e8ff299-32f9-4ca5-aa62-2a87e222dff1/context [39m[32m200[39m [90m2 ms - 14[39m
[35m[HTTP][39m [90m[39m
[35m[HTTP][39m [37m-->[39m [37mPOST[39m [37m/wd/hub/session/0e8ff299-32f9-4ca5-aa62-2a87e222dff1/element[39m
[35m[HTTP][39m [90m{"using":"-android uiautomator","value":"new UiScrollable(new UiSelector().scrollable(true).instance(0)).scrollIntoView(new UiSelector().textContains(\"Action\"))"}[39m
[35m[HTTP][39m [37m<-- POST /wd/hub/session/0e8ff299-32f9-4ca5-aa62-2a87e222dff1/element [39m[32m200[39m [90m133 ms - 137[39m
[35m[HTTP][39m [90m[39m
[35m[HTTP][39m [37m-->[39m [37mPOST[39m [37m/wd/hub/session/0e8ff299-32f9-4ca5-aa62-2a87e222dff1/context[39m
[35m[HTTP][39m [90m{"name":"NATIVE_APP"}[39m
[35m[HTTP][39m [37m<-- POST /wd/hub/session/0e8ff299-32f9-4ca5-aa62-2a87e222dff1/context [39m[32m200[39m [90m1 ms - 14[39m
[35m[HTTP][39m [90m[39m
[35m[HTTP][39m [37m-->[39m [37mGET[39m [37m/wd/hub/session/0e8ff299-32f9-4ca5-aa62-2a87e222dff1/source[39m
[35m[HTTP][39m [90m{}[39m
[35m[W3C (0e8ff299)][39m Driver proxy active, passing request on via HTTP proxy
[35m[WD Proxy][39m Replacing sessionId 2ce2f251-db8b-43e9-b3f4-74b872e5bde1 with 0e8ff299-32f9-4ca5-aa62-2a87e222dff1
[35m[HTTP][39m [37m<-- GET /wd/hub/session/0e8ff299-32f9-4ca5-aa62-2a87e222dff1/source [39m[32m200[39m [90m344 ms - 102462[39m
[35m[HTTP][39m [90m[39m
[35m[HTTP][39m [37m-->[39m [37mGET[39m [37m/wd/hub/session/0e8ff299-32f9-4ca5-aa62-2a87e222dff1/screenshot[39m
[35m[HTTP][39m [90m{}[39m
[35m[HTTP][39m [37m<-- GET /wd/hub/session/0e8ff299-32f9-4ca5-aa62-2a87e222dff1/screenshot [39m[32m200[39m [90m1486 ms - 2136170[39m
[35m[HTTP][39m [90m[39m
[35m[HTTP][39m [37m-->[39m [37mPOST[39m [37m/wd/hub/session/0e8ff299-32f9-4ca5-aa62-2a87e222dff1/elements[39m
[35m[HTTP][39m [90m{"using":"xpath","value":"//*[@class = 'android.widget.ImageView' and @resource-id = 'cm.aptoide.pt:id/icon' and (@text = '' or . = '')]"}[39m
[35m[HTTP][39m [37m<-- POST /wd/hub/session/0e8ff299-32f9-4ca5-aa62-2a87e222dff1/elements [39m[32m200[39m [90m250 ms - 2571[39m
[35m[HTTP][39m [90m[39m
[35m[HTTP][39m [37m-->[39m [37mPOST[39m [37m/wd/hub/session/0e8ff299-32f9-4ca5-aa62-2a87e222dff1/elements[39m
[35m[HTTP][39m [90m{"using":"id","value":"cm.aptoide.pt:id/icon"}[39m
[35m[HTTP][39m [37m<-- POST /wd/hub/session/0e8ff299-32f9-4ca5-aa62-2a87e222dff1/elements [39m[32m200[39m [90m132 ms - 2571[39m
[35m[HTTP][39m [90m[39m
[35m[HTTP][39m [37m-->[39m [37mPOST[39m [37m/wd/hub/session/0e8ff299-32f9-4ca5-aa62-2a87e222dff1/elements[39m
[35m[HTTP][39m [90m{"using":"-android uiautomator","value":"new UiSelector().className(\"android.widget.ImageView\").resourceId(\"cm.aptoide.pt:id/icon\")"}[39m
[35m[HTTP][39m [37m<-- POST /wd/hub/session/0e8ff299-32f9-4ca5-aa62-2a87e222dff1/elements [39m[32m200[39m [90m711 ms - 2571[39m
[35m[HTTP][39m [90m[39m
[35m[HTTP][39m [37m-->[39m [37mGET[39m [37m/wd/hub/session/0e8ff299-32f9-4ca5-aa62-2a87e222dff1/window/rect[39m
[35m[HTTP][39m [90m{}[39m
[35m[HTTP][39m [37m<-- GET /wd/hub/session/0e8ff299-32f9-4ca5-aa62-2a87e222dff1/window/rect [39m[32m200[39m [90m22 ms - 50[39m
[35m[HTTP][39m [90m[39m
[35m[HTTP][39m [37m-->[39m [37mPOST[39m [37m/wd/hub/session/0e8ff299-32f9-4ca5-aa62-2a87e222dff1/elements[39m
[35m[HTTP][39m [90m{"using":"xpath","value":"//hierarchy/android.widget.FrameLayout[1]/android.widget.LinearLayout[1]/android.widget.FrameLayout[1]/android.widget.LinearLayout[1]/android.widget.FrameLayout[1]/android.widget.RelativeLayout[1]/android.widget.FrameLayout[1]/android.widget.LinearLayout[1]/android.view.ViewGroup[2]/android.widget.FrameLayout[1]/android.widget.LinearLayout[1]/android.widget.FrameLayout[1]/android.view.ViewGroup[1]/androidx.recyclerview.widget.RecyclerView[1]/android.widget.LinearLayout[3]/androidx.recyclerview.widget.RecyclerView[1]/android.widget.FrameLayout[1]/android.widget.LinearLayout[1]/android.widget.ImageView[1]"}[39m
[35m[HTTP][39m [37m<-- POST /wd/hub/session/0e8ff299-32f9-4ca5-aa62-2a87e222dff1/elements [39m[32m200[39m [90m208 ms - 139[39m
[35m[HTTP][39m [90m[39m
[35m[HTTP][39m [37m-->[39m [37mGET[39m [37m/wd/hub/session/0e8ff299-32f9-4ca5-aa62-2a87e222dff1/element/4c6f5bc3-cb0d-42e4-8d37-72d52b1b8e7d/location[39m
[35m[HTTP][39m [90m{}[39m
[35m[W3C (0e8ff299)][39m Driver proxy active, passing request on via HTTP proxy
[35m[WD Proxy][39m Replacing sessionId 2ce2f251-db8b-43e9-b3f4-74b872e5bde1 with 0e8ff299-32f9-4ca5-aa62-2a87e222dff1
[35m[HTTP][39m [37m<-- GET /wd/hub/session/0e8ff299-32f9-4ca5-aa62-2a87e222dff1/element/4c6f5bc3-cb0d-42e4-8d37-72d52b1b8e7d/location [39m[32m200[39m [90m18 ms - 78[39m
[35m[HTTP][39m [90m[39m
[35m[HTTP][39m [37m-->[39m [37mPOST[39m [37m/wd/hub/session/0e8ff299-32f9-4ca5-aa62-2a87e222dff1/touch/perform[39m
[35m[HTTP][39m [90m{"actions":[{"action":"tap","options":{"x":1,"y":1,"element":"4c6f5bc3-cb0d-42e4-8d37-72d52b1b8e7d"}}]}[39m
[35m[UiAutomator2][39m calling get location: 4c6f5bc3-cb0d-42e4-8d37-72d52b1b8e7d
[35m[HTTP][39m [37m<-- POST /wd/hub/session/0e8ff299-32f9-4ca5-aa62-2a87e222dff1/touch/perform [39m[32m200[39m [90m176 ms - 14[39m
[35m[HTTP][39m [90m[39m
[35m[HTTP][39m [37m-->[39m [37mGET[39m [37m/wd/hub/session/0e8ff299-32f9-4ca5-aa62-2a87e222dff1/source[39m
[35m[HTTP][39m [90m{}[39m
[35m[W3C (0e8ff299)][39m Driver proxy active, passing request on via HTTP proxy
[35m[WD Proxy][39m Replacing sessionId 2ce2f251-db8b-43e9-b3f4-74b872e5bde1 with 0e8ff299-32f9-4ca5-aa62-2a87e222dff1
[35m[HTTP][39m [37m<-- GET /wd/hub/session/0e8ff299-32f9-4ca5-aa62-2a87e222dff1/source [39m[32m200[39m [90m1834 ms - 45455[39m
[35m[HTTP][39m [90m[39m
[35m[HTTP][39m [37m-->[39m [37mGET[39m [37m/wd/hub/session/0e8ff299-32f9-4ca5-aa62-2a87e222dff1/screenshot[39m
[35m[HTTP][39m [90m{}[39m
[35m[HTTP][39m [37m<-- GET /wd/hub/session/0e8ff299-32f9-4ca5-aa62-2a87e222dff1/screenshot [39m[32m200[39m [90m1548 ms - 1837660[39m
[35m[HTTP][39m [90m[39m
[35m[HTTP][39m [37m-->[39m [37mGET[39m [37m/wd/hub/session/0e8ff299-32f9-4ca5-aa62-2a87e222dff1/context[39m
[35m[HTTP][39m [90m{}[39m
[35m[HTTP][39m [37m<-- GET /wd/hub/session/0e8ff299-32f9-4ca5-aa62-2a87e222dff1/context [39m[32m200[39m [90m2 ms - 22[39m
[35m[HTTP][39m [90m[39m
[35m[HTTP][39m [37m-->[39m [37mGET[39m [37m/wd/hub/session/0e8ff299-32f9-4ca5-aa62-2a87e222dff1/contexts[39m
[35m[HTTP][39m [90m{}[39m
[35m[HTTP][39m [37m<-- GET /wd/hub/session/0e8ff299-32f9-4ca5-aa62-2a87e222dff1/contexts [39m[32m200[39m [90m104 ms - 24[39m
[35m[HTTP][39m [90m[39m
[35m[HTTP][39m [37m-->[39m [37mPOST[39m [37m/wd/hub/session/0e8ff299-32f9-4ca5-aa62-2a87e222dff1/context[39m
[35m[HTTP][39m [90m{"name":"NATIVE_APP"}[39m
[35m[HTTP][39m [37m<-- POST /wd/hub/session/0e8ff299-32f9-4ca5-aa62-2a87e222dff1/context [39m[32m200[39m [90m1 ms - 14[39m
[35m[HTTP][39m [90m[39m
[35m[HTTP][39m [37m-->[39m [37mPOST[39m [37m/wd/hub/session/0e8ff299-32f9-4ca5-aa62-2a87e222dff1/element[39m
[35m[HTTP][39m [90m{"using":"-android uiautomator","value":"new UiScrollable(new UiSelector().scrollable(true).instance(0)).scrollIntoView(new UiSelector().textContains(\"Read ALL >\"))"}[39m
[35m[HTTP][39m [37m<-- POST /wd/hub/session/0e8ff299-32f9-4ca5-aa62-2a87e222dff1/element [39m[32m200[39m [90m98 ms - 137[39m
[35m[HTTP][39m [90m[39m
[35m[HTTP][39m [37m-->[39m [37mPOST[39m [37m/wd/hub/session/0e8ff299-32f9-4ca5-aa62-2a87e222dff1/context[39m
[35m[HTTP][39m [90m{"name":"NATIVE_APP"}[39m
[35m[HTTP][39m [37m<-- POST /wd/hub/session/0e8ff299-32f9-4ca5-aa62-2a87e222dff1/context [39m[32m200[39m [90m1 ms - 14[39m
[35m[HTTP][39m [90m[39m
[35m[HTTP][39m [37m-->[39m [37mGET[39m [37m/wd/hub/session/0e8ff299-32f9-4ca5-aa62-2a87e222dff1/source[39m
[35m[HTTP][39m [90m{}[39m
[35m[W3C (0e8ff299)][39m Driver proxy active, passing request on via HTTP proxy
[35m[WD Proxy][39m Replacing sessionId 2ce2f251-db8b-43e9-b3f4-74b872e5bde1 with 0e8ff299-32f9-4ca5-aa62-2a87e222dff1
[35m[HTTP][39m [37m<-- GET /wd/hub/session/0e8ff299-32f9-4ca5-aa62-2a87e222dff1/source [39m[32m200[39m [90m238 ms - 61632[39m
[35m[HTTP][39m [90m[39m
[35m[HTTP][39m [37m-->[39m [37mGET[39m [37m/wd/hub/session/0e8ff299-32f9-4ca5-aa62-2a87e222dff1/screenshot[39m
[35m[HTTP][39m [90m{}[39m
[35m[HTTP][39m [37m<-- GET /wd/hub/session/0e8ff299-32f9-4ca5-aa62-2a87e222dff1/screenshot [39m[32m200[39m [90m1156 ms - 1095470[39m
[35m[HTTP][39m [90m[39m
[35m[HTTP][39m [37m-->[39m [37mPOST[39m [37m/wd/hub/session/0e8ff299-32f9-4ca5-aa62-2a87e222dff1/elements[39m
[35m[HTTP][39m [90m{"using":"xpath","value":"//*[@class = 'android.widget.Button' and (@text = 'READ ALL >' or . = 'READ ALL >') and @resource-id = 'cm.aptoide.pt:id/read_all_button']"}[39m
[35m[HTTP][39m [37m<-- POST /wd/hub/session/0e8ff299-32f9-4ca5-aa62-2a87e222dff1/elements [39m[32m200[39m [90m216 ms - 139[39m
[35m[HTTP][39m [90m[39m
[35m[HTTP][39m [37m-->[39m [37mGET[39m [37m/wd/hub/session/0e8ff299-32f9-4ca5-aa62-2a87e222dff1/window/rect[39m
[35m[HTTP][39m [90m{}[39m
[35m[HTTP][39m [37m<-- GET /wd/hub/session/0e8ff299-32f9-4ca5-aa62-2a87e222dff1/window/rect [39m[32m200[39m [90m8 ms - 50[39m
[35m[HTTP][39m [90m[39m
[35m[HTTP][39m [37m-->[39m [37mPOST[39m [37m/wd/hub/session/0e8ff299-32f9-4ca5-aa62-2a87e222dff1/elements[39m
[35m[HTTP][39m [90m{"using":"xpath","value":"//*[@class = 'android.widget.Button' and (@text = 'READ ALL >' or . = 'READ ALL >') and @resource-id = 'cm.aptoide.pt:id/read_all_button']"}[39m
[35m[HTTP][39m [37m<-- POST /wd/hub/session/0e8ff299-32f9-4ca5-aa62-2a87e222dff1/elements [39m[32m200[39m [90m185 ms - 139[39m
[35m[HTTP][39m [90m[39m
[35m[HTTP][39m [37m-->[39m [37mGET[39m [37m/wd/hub/session/0e8ff299-32f9-4ca5-aa62-2a87e222dff1/element/389813e3-3d6d-4562-8aa0-e78f84170d3b/location[39m
[35m[HTTP][39m [90m{}[39m
[35m[W3C (0e8ff299)][39m Driver proxy active, passing request on via HTTP proxy
[35m[WD Proxy][39m Replacing sessionId 2ce2f251-db8b-43e9-b3f4-74b872e5bde1 with 0e8ff299-32f9-4ca5-aa62-2a87e222dff1
[35m[HTTP][39m [37m<-- GET /wd/hub/session/0e8ff299-32f9-4ca5-aa62-2a87e222dff1/element/389813e3-3d6d-4562-8aa0-e78f84170d3b/location [39m[32m200[39m [90m20 ms - 79[39m
[35m[HTTP][39m [90m[39m
[35m[HTTP][39m [37m-->[39m [37mPOST[39m [37m/wd/hub/session/0e8ff299-32f9-4ca5-aa62-2a87e222dff1/touch/perform[39m
[35m[HTTP][39m [90m{"actions":[{"action":"tap","options":{"x":1,"y":1,"element":"389813e3-3d6d-4562-8aa0-e78f84170d3b"}}]}[39m
[35m[UiAutomator2][39m calling get location: 389813e3-3d6d-4562-8aa0-e78f84170d3b
[35m[HTTP][39m [37m<-- POST /wd/hub/session/0e8ff299-32f9-4ca5-aa62-2a87e222dff1/touch/perform [39m[32m200[39m [90m207 ms - 14[39m
[35m[HTTP][39m [90m[39m
[35m[HTTP][39m [37m-->[39m [37mGET[39m [37m/wd/hub/session/0e8ff299-32f9-4ca5-aa62-2a87e222dff1/source[39m
[35m[HTTP][39m [90m{}[39m
[35m[W3C (0e8ff299)][39m Driver proxy active, passing request on via HTTP proxy
[35m[WD Proxy][39m Replacing sessionId 2ce2f251-db8b-43e9-b3f4-74b872e5bde1 with 0e8ff299-32f9-4ca5-aa62-2a87e222dff1
[35m[HTTP][39m [37m<-- GET /wd/hub/session/0e8ff299-32f9-4ca5-aa62-2a87e222dff1/source [39m[32m200[39m [90m2025 ms - 56309[39m
[35m[HTTP][39m [90m[39m
[35m[HTTP][39m [37m-->[39m [37mGET[39m [37m/wd/hub/session/0e8ff299-32f9-4ca5-aa62-2a87e222dff1/screenshot[39m
[35m[HTTP][39m [90m{}[39m
[35m[HTTP][39m [37m<-- GET /wd/hub/session/0e8ff299-32f9-4ca5-aa62-2a87e222dff1/screenshot [39m[32m200[39m [90m811 ms - 358176[39m
[35m[HTTP][39m [90m[39m
[35m[HTTP][39m [37m-->[39m [37mPOST[39m [37m/wd/hub/session/0e8ff299-32f9-4ca5-aa62-2a87e222dff1/elements[39m
[35m[HTTP][39m [90m{"using":"xpath","value":"//*[@class = 'android.widget.CheckedTextView' and (@text = 'Current language first' or . = 'Current language first') and @resource-id = 'android:id/text1']"}[39m
[35m[HTTP][39m [37m<-- POST /wd/hub/session/0e8ff299-32f9-4ca5-aa62-2a87e222dff1/elements [39m[32m200[39m [90m75 ms - 139[39m
[35m[HTTP][39m [90m[39m
[35m[HTTP][39m [37m-->[39m [37mGET[39m [37m/wd/hub/session/0e8ff299-32f9-4ca5-aa62-2a87e222dff1/window/rect[39m
[35m[HTTP][39m [90m{}[39m
[35m[HTTP][39m [37m<-- GET /wd/hub/session/0e8ff299-32f9-4ca5-aa62-2a87e222dff1/window/rect [39m[32m200[39m [90m11 ms - 50[39m
[35m[HTTP][39m [90m[39m
[35m[HTTP][39m [37m-->[39m [37mPOST[39m [37m/wd/hub/session/0e8ff299-32f9-4ca5-aa62-2a87e222dff1/elements[39m
[35m[HTTP][39m [90m{"using":"xpath","value":"//*[@class = 'android.widget.CheckedTextView' and (@text = 'Current language first' or . = 'Current language first') and @resource-id = 'android:id/text1']"}[39m
[35m[HTTP][39m [37m<-- POST /wd/hub/session/0e8ff299-32f9-4ca5-aa62-2a87e222dff1/elements [39m[32m200[39m [90m37 ms - 139[39m
[35m[HTTP][39m [90m[39m
[35m[HTTP][39m [37m-->[39m [37mGET[39m [37m/wd/hub/session/0e8ff299-32f9-4ca5-aa62-2a87e222dff1/element/34409934-042a-4574-a278-ba8f1b5e5cde/location[39m
[35m[HTTP][39m [90m{}[39m
[35m[W3C (0e8ff299)][39m Driver proxy active, passing request on via HTTP proxy
[35m[WD Proxy][39m Replacing sessionId 2ce2f251-db8b-43e9-b3f4-74b872e5bde1 with 0e8ff299-32f9-4ca5-aa62-2a87e222dff1
[35m[HTTP][39m [37m<-- GET /wd/hub/session/0e8ff299-32f9-4ca5-aa62-2a87e222dff1/element/34409934-042a-4574-a278-ba8f1b5e5cde/location [39m[32m200[39m [90m20 ms - 78[39m
[35m[HTTP][39m [90m[39m
[35m[HTTP][39m [37m-->[39m [37mPOST[39m [37m/wd/hub/session/0e8ff299-32f9-4ca5-aa62-2a87e222dff1/touch/perform[39m
[35m[HTTP][39m [90m{"actions":[{"action":"tap","options":{"x":1,"y":1,"element":"34409934-042a-4574-a278-ba8f1b5e5cde"}}]}[39m
[35m[UiAutomator2][39m calling get location: 34409934-042a-4574-a278-ba8f1b5e5cde
[35m[HTTP][39m [37m<-- POST /wd/hub/session/0e8ff299-32f9-4ca5-aa62-2a87e222dff1/touch/perform [39m[32m200[39m [90m713 ms - 14[39m
[35m[HTTP][39m [90m[39m
[35m[HTTP][39m [37m-->[39m [37mGET[39m [37m/wd/hub/session/0e8ff299-32f9-4ca5-aa62-2a87e222dff1/source[39m
[35m[HTTP][39m [90m{}[39m
[35m[W3C (0e8ff299)][39m Driver proxy active, passing request on via HTTP proxy
[35m[WD Proxy][39m Replacing sessionId 2ce2f251-db8b-43e9-b3f4-74b872e5bde1 with 0e8ff299-32f9-4ca5-aa62-2a87e222dff1
[35m[HTTP][39m [37m<-- GET /wd/hub/session/0e8ff299-32f9-4ca5-aa62-2a87e222dff1/source [39m[32m200[39m [90m184 ms - 56309[39m
[35m[HTTP][39m [90m[39m
[35m[HTTP][39m [37m-->[39m [37mGET[39m [37m/wd/hub/session/0e8ff299-32f9-4ca5-aa62-2a87e222dff1/screenshot[39m
[35m[HTTP][39m [90m{}[39m
[35m[HTTP][39m [37m<-- GET /wd/hub/session/0e8ff299-32f9-4ca5-aa62-2a87e222dff1/screenshot [39m[32m200[39m [90m856 ms - 379746[39m
[35m[HTTP][39m [90m[39m
[35m[HTTP][39m [37m-->[39m [37mPOST[39m [37m/wd/hub/session/0e8ff299-32f9-4ca5-aa62-2a87e222dff1/elements[39m
[35m[HTTP][39m [90m{"using":"xpath","value":"//*[@class = 'android.widget.ImageButton' and (@text = '' or . = '')]"}[39m
[35m[HTTP][39m [37m<-- POST /wd/hub/session/0e8ff299-32f9-4ca5-aa62-2a87e222dff1/elements [39m[32m200[39m [90m193 ms - 267[39m
[35m[HTTP][39m [90m[39m
[35m[HTTP][39m [37m-->[39m [37mPOST[39m [37m/wd/hub/session/0e8ff299-32f9-4ca5-aa62-2a87e222dff1/elements[39m
[35m[HTTP][39m [90m{"using":"accessibility id","value":"Navigate up"}[39m
[35m[HTTP][39m [37m<-- POST /wd/hub/session/0e8ff299-32f9-4ca5-aa62-2a87e222dff1/elements [39m[32m200[39m [90m91 ms - 139[39m
[35m[HTTP][39m [90m[39m
[35m[HTTP][39m [37m-->[39m [37mGET[39m [37m/wd/hub/session/0e8ff299-32f9-4ca5-aa62-2a87e222dff1/window/rect[39m
[35m[HTTP][39m [90m{}[39m
[35m[HTTP][39m [37m<-- GET /wd/hub/session/0e8ff299-32f9-4ca5-aa62-2a87e222dff1/window/rect [39m[32m200[39m [90m11 ms - 50[39m
[35m[HTTP][39m [90m[39m
[35m[HTTP][39m [37m-->[39m [37mPOST[39m [37m/wd/hub/session/0e8ff299-32f9-4ca5-aa62-2a87e222dff1/elements[39m
[35m[HTTP][39m [90m{"using":"accessibility id","value":"Navigate up"}[39m
[35m[HTTP][39m [37m<-- POST /wd/hub/session/0e8ff299-32f9-4ca5-aa62-2a87e222dff1/elements [39m[32m200[39m [90m105 ms - 139[39m
[35m[HTTP][39m [90m[39m
[35m[HTTP][39m [37m-->[39m [37mGET[39m [37m/wd/hub/session/0e8ff299-32f9-4ca5-aa62-2a87e222dff1/element/e1721e27-7b96-452f-8fc0-c68ed31dca95/location[39m
[35m[HTTP][39m [90m{}[39m
[35m[W3C (0e8ff299)][39m Driver proxy active, passing request on via HTTP proxy
[35m[WD Proxy][39m Replacing sessionId 2ce2f251-db8b-43e9-b3f4-74b872e5bde1 with 0e8ff299-32f9-4ca5-aa62-2a87e222dff1
[35m[HTTP][39m [37m<-- GET /wd/hub/session/0e8ff299-32f9-4ca5-aa62-2a87e222dff1/element/e1721e27-7b96-452f-8fc0-c68ed31dca95/location [39m[32m200[39m [90m28 ms - 76[39m
[35m[HTTP][39m [90m[39m
[35m[HTTP][39m [37m-->[39m [37mPOST[39m [37m/wd/hub/session/0e8ff299-32f9-4ca5-aa62-2a87e222dff1/touch/perform[39m
[35m[HTTP][39m [90m{"actions":[{"action":"tap","options":{"x":1,"y":1,"element":"e1721e27-7b96-452f-8fc0-c68ed31dca95"}}]}[39m
[35m[UiAutomator2][39m calling get location: e1721e27-7b96-452f-8fc0-c68ed31dca95
[35m[HTTP][39m [37m<-- POST /wd/hub/session/0e8ff299-32f9-4ca5-aa62-2a87e222dff1/touch/perform [39m[32m200[39m [90m166 ms - 14[39m
[35m[HTTP][39m [90m[39m
[35m[HTTP][39m [37m-->[39m [37mGET[39m [37m/wd/hub/session/0e8ff299-32f9-4ca5-aa62-2a87e222dff1/source[39m
[35m[HTTP][39m [90m{}[39m
[35m[W3C (0e8ff299)][39m Driver proxy active, passing request on via HTTP proxy
[35m[WD Proxy][39m Replacing sessionId 2ce2f251-db8b-43e9-b3f4-74b872e5bde1 with 0e8ff299-32f9-4ca5-aa62-2a87e222dff1
[35m[HTTP][39m [37m<-- GET /wd/hub/session/0e8ff299-32f9-4ca5-aa62-2a87e222dff1/source [39m[32m200[39m [90m1210 ms - 61197[39m
[35m[HTTP][39m [90m[39m
[35m[HTTP][39m [37m-->[39m [37mGET[39m [37m/wd/hub/session/0e8ff299-32f9-4ca5-aa62-2a87e222dff1/screenshot[39m
[35m[HTTP][39m [90m{}[39m
[35m[HTTP][39m [37m<-- GET /wd/hub/session/0e8ff299-32f9-4ca5-aa62-2a87e222dff1/screenshot [39m[32m200[39m [90m1101 ms - 1136140[39m
[35m[HTTP][39m [90m[39m
[35m[HTTP][39m [37m-->[39m [37mPOST[39m [37m/wd/hub/session/0e8ff299-32f9-4ca5-aa62-2a87e222dff1/elements[39m
[35m[HTTP][39m [90m{"using":"xpath","value":"//*[@class = 'android.widget.Button' and (@text = 'RATE THIS APP' or . = 'RATE THIS APP') and @resource-id = 'cm.aptoide.pt:id/rate_this_button']"}[39m
[35m[HTTP][39m [37m<-- POST /wd/hub/session/0e8ff299-32f9-4ca5-aa62-2a87e222dff1/elements [39m[32m200[39m [90m10194 ms - 139[39m
[35m[HTTP][39m [90m[39m
[35m[HTTP][39m [37m-->[39m [37mGET[39m [37m/wd/hub/session/0e8ff299-32f9-4ca5-aa62-2a87e222dff1/window/rect[39m
[35m[HTTP][39m [90m{}[39m
[35m[HTTP][39m [37m<-- GET /wd/hub/session/0e8ff299-32f9-4ca5-aa62-2a87e222dff1/window/rect [39m[32m200[39m [90m7 ms - 50[39m
[35m[HTTP][39m [90m[39m
[35m[HTTP][39m [37m-->[39m [37mPOST[39m [37m/wd/hub/session/0e8ff299-32f9-4ca5-aa62-2a87e222dff1/elements[39m
[35m[HTTP][39m [90m{"using":"xpath","value":"//*[@class = 'android.widget.Button' and (@text = 'RATE THIS APP' or . = 'RATE THIS APP') and @resource-id = 'cm.aptoide.pt:id/rate_this_button']"}[39m
[35m[HTTP][39m [37m<-- POST /wd/hub/session/0e8ff299-32f9-4ca5-aa62-2a87e222dff1/elements [39m[32m200[39m [90m10325 ms - 139[39m
[35m[HTTP][39m [90m[39m
[35m[HTTP][39m [37m-->[39m [37mGET[39m [37m/wd/hub/session/0e8ff299-32f9-4ca5-aa62-2a87e222dff1/element/aba7eb63-758c-49af-a200-75dd87724164/location[39m
[35m[HTTP][39m [90m{}[39m
[35m[W3C (0e8ff299)][39m Driver proxy active, passing request on via HTTP proxy
[35m[WD Proxy][39m Replacing sessionId 2ce2f251-db8b-43e9-b3f4-74b872e5bde1 with 0e8ff299-32f9-4ca5-aa62-2a87e222dff1
[35m[HTTP][39m [37m<-- GET /wd/hub/session/0e8ff299-32f9-4ca5-aa62-2a87e222dff1/element/aba7eb63-758c-49af-a200-75dd87724164/location [39m[32m200[39m [90m20093 ms - 78[39m
[35m[HTTP][39m [90m[39m
[35m[HTTP][39m [37m-->[39m [37mPOST[39m [37m/wd/hub/session/0e8ff299-32f9-4ca5-aa62-2a87e222dff1/touch/perform[39m
[35m[HTTP][39m [90m{"actions":[{"action":"tap","options":{"x":1,"y":1,"element":"aba7eb63-758c-49af-a200-75dd87724164"}}]}[39m
[35m[UiAutomator2][39m calling get location: aba7eb63-758c-49af-a200-75dd87724164
[35m[HTTP][39m [37m<-- POST /wd/hub/session/0e8ff299-32f9-4ca5-aa62-2a87e222dff1/touch/perform [39m[32m200[39m [90m30391 ms - 14[39m
[35m[HTTP][39m [90m[39m
[35m[HTTP][39m [37m-->[39m [37mGET[39m [37m/wd/hub/session/0e8ff299-32f9-4ca5-aa62-2a87e222dff1/source[39m
[35m[HTTP][39m [90m{}[39m
[35m[W3C (0e8ff299)][39m Driver proxy active, passing request on via HTTP proxy
[35m[WD Proxy][39m Replacing sessionId 2ce2f251-db8b-43e9-b3f4-74b872e5bde1 with 0e8ff299-32f9-4ca5-aa62-2a87e222dff1
[35m[HTTP][39m [37m<-- GET /wd/hub/session/0e8ff299-32f9-4ca5-aa62-2a87e222dff1/source [39m[32m200[39m [90m2160 ms - 20835[39m
[35m[HTTP][39m [90m[39m
[35m[HTTP][39m [37m-->[39m [37mGET[39m [37m/wd/hub/session/0e8ff299-32f9-4ca5-aa62-2a87e222dff1/screenshot[39m
[35m[HTTP][39m [90m{}[39m
[35m[HTTP][39m [37m<-- GET /wd/hub/session/0e8ff299-32f9-4ca5-aa62-2a87e222dff1/screenshot [39m[32m200[39m [90m1351 ms - 1682486[39m
[35m[HTTP][39m [90m[39m
[35m[HTTP][39m [37m-->[39m [37mGET[39m [37m/wd/hub/session/0e8ff299-32f9-4ca5-aa62-2a87e222dff1/context[39m
[35m[HTTP][39m [90m{}[39m
[35m[HTTP][39m [37m<-- GET /wd/hub/session/0e8ff299-32f9-4ca5-aa62-2a87e222dff1/context [39m[32m200[39m [90m2 ms - 22[39m
[35m[HTTP][39m [90m[39m
[35m[HTTP][39m [37m-->[39m [37mGET[39m [37m/wd/hub/session/0e8ff299-32f9-4ca5-aa62-2a87e222dff1/contexts[39m
[35m[HTTP][39m [90m{}[39m
[35m[HTTP][39m [37m<-- GET /wd/hub/session/0e8ff299-32f9-4ca5-aa62-2a87e222dff1/contexts [39m[32m200[39m [90m120 ms - 24[39m
[35m[HTTP][39m [90m[39m
[35m[HTTP][39m [37m-->[39m [37mPOST[39m [37m/wd/hub/session/0e8ff299-32f9-4ca5-aa62-2a87e222dff1/context[39m
[35m[HTTP][39m [90m{"name":"NATIVE_APP"}[39m
[35m[HTTP][39m [37m<-- POST /wd/hub/session/0e8ff299-32f9-4ca5-aa62-2a87e222dff1/context [39m[32m200[39m [90m1 ms - 14[39m
[35m[HTTP][39m [90m[39m
[35m[HTTP][39m [37m-->[39m [37mPOST[39m [37m/wd/hub/session/0e8ff299-32f9-4ca5-aa62-2a87e222dff1/element[39m
[35m[HTTP][39m [90m{"using":"-android uiautomator","value":"new UiScrollable(new UiSelector().scrollable(true).instance(0)).scrollIntoView(new UiSelector().textContains(\"Additional Information\"))"}[39m
[35m[HTTP][39m [37m<-- POST /wd/hub/session/0e8ff299-32f9-4ca5-aa62-2a87e222dff1/element [39m[32m200[39m [90m9249 ms - 137[39m
[35m[HTTP][39m [90m[39m
[35m[HTTP][39m [37m-->[39m [37mPOST[39m [37m/wd/hub/session/0e8ff299-32f9-4ca5-aa62-2a87e222dff1/context[39m
[35m[HTTP][39m [90m{"name":"NATIVE_APP"}[39m
[35m[HTTP][39m [37m<-- POST /wd/hub/session/0e8ff299-32f9-4ca5-aa62-2a87e222dff1/context [39m[32m200[39m [90m1 ms - 14[39m
[35m[HTTP][39m [90m[39m
[35m[HTTP][39m [37m-->[39m [37mGET[39m [37m/wd/hub/session/0e8ff299-32f9-4ca5-aa62-2a87e222dff1/source[39m
[35m[HTTP][39m [90m{}[39m
[35m[W3C (0e8ff299)][39m Driver proxy active, passing request on via HTTP proxy
[35m[WD Proxy][39m Replacing sessionId 2ce2f251-db8b-43e9-b3f4-74b872e5bde1 with 0e8ff299-32f9-4ca5-aa62-2a87e222dff1
[35m[HTTP][39m [37m<-- GET /wd/hub/session/0e8ff299-32f9-4ca5-aa62-2a87e222dff1/source [39m[32m200[39m [90m729 ms - 80619[39m
[35m[HTTP][39m [90m[39m
[35m[HTTP][39m [37m-->[39m [37mGET[39m [37m/wd/hub/session/0e8ff299-32f9-4ca5-aa62-2a87e222dff1/screenshot[39m
[35m[HTTP][39m [90m{}[39m
[35m[HTTP][39m [37m<-- GET /wd/hub/session/0e8ff299-32f9-4ca5-aa62-2a87e222dff1/screenshot [39m[32m200[39m [90m1270 ms - 1541814[39m
[35m[HTTP][39m [90m[39m
[35m[HTTP][39m [37m-->[39m [37mPOST[39m [37m/wd/hub/session/0e8ff299-32f9-4ca5-aa62-2a87e222dff1/elements[39m
[35m[HTTP][39m [90m{"using":"xpath","value":"//*[@class = 'android.widget.TextView' and (@text = 'Privacy Policy' or . = 'Privacy Policy') and @resource-id = 'cm.aptoide.pt:id/privacy_text']"}[39m
[35m[HTTP][39m [37m<-- POST /wd/hub/session/0e8ff299-32f9-4ca5-aa62-2a87e222dff1/elements [39m[32m200[39m [90m234 ms - 139[39m
[35m[HTTP][39m [90m[39m
[35m[HTTP][39m [37m-->[39m [37mGET[39m [37m/wd/hub/session/0e8ff299-32f9-4ca5-aa62-2a87e222dff1/window/rect[39m
[35m[HTTP][39m [90m{}[39m
[35m[HTTP][39m [37m<-- GET /wd/hub/session/0e8ff299-32f9-4ca5-aa62-2a87e222dff1/window/rect [39m[32m200[39m [90m7 ms - 50[39m
[35m[HTTP][39m [90m[39m
[35m[HTTP][39m [37m-->[39m [37mPOST[39m [37m/wd/hub/session/0e8ff299-32f9-4ca5-aa62-2a87e222dff1/elements[39m
[35m[HTTP][39m [90m{"using":"xpath","value":"//*[@class = 'android.widget.TextView' and (@text = 'Privacy Policy' or . = 'Privacy Policy') and @resource-id = 'cm.aptoide.pt:id/privacy_text']"}[39m
[35m[HTTP][39m [37m<-- POST /wd/hub/session/0e8ff299-32f9-4ca5-aa62-2a87e222dff1/elements [39m[32m200[39m [90m212 ms - 139[39m
[35m[HTTP][39m [90m[39m
[35m[HTTP][39m [37m-->[39m [37mGET[39m [37m/wd/hub/session/0e8ff299-32f9-4ca5-aa62-2a87e222dff1/element/508867f5-a8d5-4ef0-bc05-34efd3d5e033/location[39m
[35m[HTTP][39m [90m{}[39m
[35m[W3C (0e8ff299)][39m Driver proxy active, passing request on via HTTP proxy
[35m[WD Proxy][39m Replacing sessionId 2ce2f251-db8b-43e9-b3f4-74b872e5bde1 with 0e8ff299-32f9-4ca5-aa62-2a87e222dff1
[35m[HTTP][39m [37m<-- GET /wd/hub/session/0e8ff299-32f9-4ca5-aa62-2a87e222dff1/element/508867f5-a8d5-4ef0-bc05-34efd3d5e033/location [39m[32m200[39m [90m18 ms - 79[39m
[35m[HTTP][39m [90m[39m
[35m[HTTP][39m [37m-->[39m [37mPOST[39m [37m/wd/hub/session/0e8ff299-32f9-4ca5-aa62-2a87e222dff1/touch/perform[39m
[35m[HTTP][39m [90m{"actions":[{"action":"tap","options":{"x":1,"y":1,"element":"508867f5-a8d5-4ef0-bc05-34efd3d5e033"}}]}[39m
[35m[UiAutomator2][39m calling get location: 508867f5-a8d5-4ef0-bc05-34efd3d5e033
[35m[HTTP][39m [37m<-- POST /wd/hub/session/0e8ff299-32f9-4ca5-aa62-2a87e222dff1/touch/perform [39m[32m200[39m [90m193 ms - 14[39m
[35m[HTTP][39m [90m[39m
[35m[HTTP][39m [37m-->[39m [37mGET[39m [37m/wd/hub/session/0e8ff299-32f9-4ca5-aa62-2a87e222dff1/source[39m
[35m[HTTP][39m [90m{}[39m
[35m[W3C (0e8ff299)][39m Driver proxy active, passing request on via HTTP proxy
[35m[WD Proxy][39m Replacing sessionId 2ce2f251-db8b-43e9-b3f4-74b872e5bde1 with 0e8ff299-32f9-4ca5-aa62-2a87e222dff1
[35m[HTTP][39m [37m<-- GET /wd/hub/session/0e8ff299-32f9-4ca5-aa62-2a87e222dff1/source [39m[32m200[39m [90m1436 ms - 11235[39m
[35m[HTTP][39m [90m[39m
[35m[HTTP][39m [37m-->[39m [37mGET[39m [37m/wd/hub/session/0e8ff299-32f9-4ca5-aa62-2a87e222dff1/screenshot[39m
[35m[HTTP][39m [90m{}[39m
[35m[HTTP][39m [37m<-- GET /wd/hub/session/0e8ff299-32f9-4ca5-aa62-2a87e222dff1/screenshot [39m[32m200[39m [90m834 ms - 51780[39m
[35m[HTTP][39m [90m[39m
[35m[HTTP][39m [37m-->[39m [37mDELETE[39m [37m/wd/hub/session/0e8ff299-32f9-4ca5-aa62-2a87e222dff1[39m
[35m[HTTP][39m [90m{}[39m
[35m[Appium][39m Removing session 0e8ff299-32f9-4ca5-aa62-2a87e222dff1 from our master session list
[35m[UiAutomator2][39m Restoring hidden api policy to the device default configuration
[35m[HTTP][39m [37m<-- DELETE /wd/hub/session/0e8ff299-32f9-4ca5-aa62-2a87e222dff1 [39m[32m200[39m [90m465 ms - 14[39m
[35m[HTTP][39m [90m[39m
